<?xml version="1.0" encoding="UTF-8"?>
<testsuite name="ru.netology.tests.BuyTourTest" tests="1" skipped="0" failures="0" errors="0" timestamp="2021-04-18T11:45:15" hostname="MacBook-Air-Konstantin.local" time="17.362">
  <properties/>
  <testcase name="buyPositiveAllFieldValidApproved()" classname="ru.netology.tests.BuyTourTest" time="17.362"/>
  <system-out><![CDATA[]]></system-out>
  <system-err><![CDATA[Starting ChromeDriver 89.0.4389.23 (61b08ee2c50024bab004e48d2b1b083cdbdac579-refs/branch-heads/4389@{#294}) on port 21158
Only local connections are allowed.
Please see https://chromedriver.chromium.org/security-considerations for suggestions on keeping ChromeDriver safe.
ChromeDriver was started successfully.
апр. 18, 2021 3:45:20 PM org.openqa.selenium.remote.ProtocolHandshake createSession
INFO: Detected dialect: W3C
]]></system-err>
</testsuite>
